2015.10.25 23:52 B C:\Users\Samara\Desktop\assignment3\images\circleBlack.gif --> studentweb.cencol.ca /bbaga/images circleBlack.gif
2015.10.25 23:52 B C:\Users\Samara\Desktop\assignment3\images\circleGold.gif --> studentweb.cencol.ca /bbaga/images circleGold.gif
2015.10.25 23:52 B C:\Users\Samara\Desktop\assignment3\images\drums.jpg --> studentweb.cencol.ca /bbaga/images drums.jpg
2015.10.25 23:52 B C:\Users\Samara\Desktop\assignment3\images\drumsLarge.jpg --> studentweb.cencol.ca /bbaga/images drumsLarge.jpg
2015.10.25 23:52 B C:\Users\Samara\Desktop\assignment3\images\iconArrow.png --> studentweb.cencol.ca /bbaga/images iconArrow.png
2015.10.25 23:52 B C:\Users\Samara\Desktop\assignment3\images\iconDrumSet2.png --> studentweb.cencol.ca /bbaga/images iconDrumSet2.png
2015.10.25 23:52 B C:\Users\Samara\Desktop\assignment3\images\iconHome.png --> studentweb.cencol.ca /bbaga/images iconHome.png
2015.10.25 23:52 B C:\Users\Samara\Desktop\assignment3\images\iconYamaha.png --> studentweb.cencol.ca /bbaga/images iconYamaha.png
2015.10.25 23:52 B C:\Users\Samara\Desktop\assignment3\images\imgFeaturesBlackApperance.jpg --> studentweb.cencol.ca /bbaga/images imgFeaturesBlackApperance.jpg
2015.10.25 23:52 B C:\Users\Samara\Desktop\assignment3\images\mapFinal.jpg --> studentweb.cencol.ca /bbaga/images mapFinal.jpg
2015.10.25 23:54 B C:\Users\Samara\Desktop\assignment3\images\circleBlack.gif --> studentweb.cencol.ca /bbaga/assignment3/images circleBlack.gif
2015.10.25 23:54 B C:\Users\Samara\Desktop\assignment3\images\circleGold.gif --> studentweb.cencol.ca /bbaga/assignment3/images circleGold.gif
2015.10.25 23:54 B C:\Users\Samara\Desktop\assignment3\images\drums.jpg --> studentweb.cencol.ca /bbaga/assignment3/images drums.jpg
2015.10.25 23:54 B C:\Users\Samara\Desktop\assignment3\images\drumsLarge.jpg --> studentweb.cencol.ca /bbaga/assignment3/images drumsLarge.jpg
2015.10.25 23:54 B C:\Users\Samara\Desktop\assignment3\images\iconArrow.png --> studentweb.cencol.ca /bbaga/assignment3/images iconArrow.png
2015.10.25 23:54 B C:\Users\Samara\Desktop\assignment3\images\iconDrumSet2.png --> studentweb.cencol.ca /bbaga/assignment3/images iconDrumSet2.png
2015.10.25 23:54 B C:\Users\Samara\Desktop\assignment3\images\iconHome.png --> studentweb.cencol.ca /bbaga/assignment3/images iconHome.png
2015.10.25 23:54 B C:\Users\Samara\Desktop\assignment3\images\iconYamaha.png --> studentweb.cencol.ca /bbaga/assignment3/images iconYamaha.png
2015.10.25 23:54 B C:\Users\Samara\Desktop\assignment3\images\imgFeaturesBlackApperance.jpg --> studentweb.cencol.ca /bbaga/assignment3/images imgFeaturesBlackApperance.jpg
2015.10.25 23:54 B C:\Users\Samara\Desktop\assignment3\images\mapFinal.jpg --> studentweb.cencol.ca /bbaga/assignment3/images mapFinal.jpg
2015.10.25 23:54 B C:\Users\Samara\Desktop\assignment3\images\WS_FTP.LOG --> studentweb.cencol.ca /bbaga/assignment3/images WS_FTP.LOG
